<?xml version="1.0" encoding="UTF-8"?>
<!-- Generated by org.testng.reporters.JUnitXMLReporter -->
<testsuite hostname="qedge-PC" name="Test" tests="4" failures="0" timestamp="30 Dec 2015 04:35:53 GMT" time="72.506" errors="0">
  <testcase name="loginTest1" time="34.913" classname="com.orangehrm.testsuite1.LoginTest"/>
  <testcase name="AddEmployee1" time="22.646" classname="com.orangehrm.testsuite1.AddEmployee"/>
  <testcase name="Screenshot1" time="0.115" classname="com.orangehrm.testsuite1.Screenshot"/>
  <testcase name="logtest" time="14.81" classname="com.orangehrm.testsuite1.Logout"/>
</testsuite> <!-- Test -->
